<?xml version="1.0" encoding="UTF-8"?>
<testng-results ignored="2" total="4" passed="2" failed="0" skipped="0">
  <reporter-output>
    <line>
      <![CDATA[Electronic Product Created]]>
    </line>
    <line>
      <![CDATA[Kids Product Created]]>
    </line>
  </reporter-output>
  <suite started-at="2024-11-06T17:00:12 IST" name="RegressionSuite" finished-at="2024-11-06T17:00:12 IST" duration-ms="171">
    <groups>
    </groups>
    <test started-at="2024-11-06T17:00:12 IST" name="ChromeTest" finished-at="2024-11-06T17:00:12 IST" duration-ms="171">
      <class name="com.Ecommerce.instaSnap.ProductTest.VerifyElectronicProduct">
        <test-method signature="createproduct()[pri:1, instance:com.Ecommerce.instaSnap.ProductTest.VerifyElectronicProduct@4dbb42b7]" started-at="2024-11-06T17:00:12 IST" name="createproduct" finished-at="2024-11-06T17:00:12 IST" duration-ms="34" status="PASS">
          <reporter-output>
            <line>
              <![CDATA[Electronic Product Created]]>
            </line>
          </reporter-output>
        </test-method> <!-- createproduct -->
      </class> <!-- com.Ecommerce.instaSnap.ProductTest.VerifyElectronicProduct -->
      <class name="com.Ecommerce.instaSnap.ProductTest.VerifyKidsProduct">
        <test-method signature="createproduct()[pri:1, instance:com.Ecommerce.instaSnap.ProductTest.VerifyKidsProduct@1151e434]" started-at="2024-11-06T17:00:12 IST" name="createproduct" finished-at="2024-11-06T17:00:12 IST" duration-ms="12" status="PASS">
          <reporter-output>
            <line>
              <![CDATA[Kids Product Created]]>
            </line>
          </reporter-output>
        </test-method> <!-- createproduct -->
      </class> <!-- com.Ecommerce.instaSnap.ProductTest.VerifyKidsProduct -->
    </test> <!-- ChromeTest -->
  </suite> <!-- RegressionSuite -->
</testng-results>
