<?xml version="1.0" encoding="UTF-8"?>
<!-- Generated by org.testng.reporters.JUnitXMLReporter -->
<testsuite ignored="2" hostname="NVGP_9722" failures="0" tests="2" name="ChromeTest" time="0.171" errors="0" timestamp="2024-11-06T17:00:12 IST">
  <testcase classname="com.Ecommerce.instaSnap.ProductTest.VerifyElectronicProduct" name="createproduct" time="0.034"/>
  <testcase classname="com.Ecommerce.instaSnap.ProductTest.VerifyKidsProduct" name="createproduct" time="0.012"/>
  <testcase classname="com.Ecommerce.instaSnap.ProductTest.VerifyElectronicProduct" name="createupdate" time="0.0">
    <ignored/>
  </testcase> <!-- createupdate -->
  <testcase classname="com.Ecommerce.instaSnap.ProductTest.VerifyKidsProduct" name="createupdate" time="0.0">
    <ignored/>
  </testcase> <!-- createupdate -->
</testsuite> <!-- ChromeTest -->
